[2023-04-21 14:21:19] [INFO]    [OmnipathR] Welcome to OmnipathR!
[2023-04-21 14:21:19] [TRACE]   [OmnipathR] Reading JSON from `/github/home/.cache/OmnipathR/cache.json` (encoding: UTF-8).
[2023-04-21 14:21:19] [TRACE]   [OmnipathR] JSON validation successful: TRUE
[2023-04-21 14:21:19] [INFO]    [OmnipathR] Initialized cache: `/github/home/.cache/OmnipathR`.
[2023-04-21 14:21:19] [TRACE]   [OmnipathR] Reading JSON from `/__w/_temp/Library/OmnipathR/db/db_def.json` (encoding: UTF-8).
[2023-04-21 14:21:19] [TRACE]   [OmnipathR] JSON validation successful: TRUE
[2023-04-21 14:21:20] [TRACE]   [OmnipathR] Reading JSON from `/__w/_temp/Library/OmnipathR/internal/magic_bytes.json` (encoding: UTF-8).
[2023-04-21 14:21:20] [TRACE]   [OmnipathR] JSON validation successful: TRUE
[2023-04-21 14:21:20] [TRACE]   [OmnipathR] Reading JSON from `/__w/_temp/Library/OmnipathR/internal/urls.json` (encoding: UTF-8).
[2023-04-21 14:21:20] [TRACE]   [OmnipathR] JSON validation successful: TRUE
[2023-04-21 14:21:20] [TRACE]   [OmnipathR] Reading JSON from `/__w/_temp/Library/OmnipathR/internal/id_types.json` (encoding: UTF-8).
[2023-04-21 14:21:20] [TRACE]   [OmnipathR] JSON validation successful: TRUE
[2023-04-21 14:21:20] [TRACE]   [OmnipathR] Loaded data from RDS `/github/home/.cache/OmnipathR/485498a0b8637e8a936f7efbf1fcc7b742d7867a-1.rds`.
[2023-04-21 14:21:20] [INFO]    [OmnipathR] Loaded from cache: `https://omnipathdb.org/interactions?genesymbols=yes&datasets=collectri&organisms=9606&dorothea_levels=A,B&fields=sources,references,curation_effort&license=academic`
[2023-04-21 14:21:22] [SUCCESS] [OmnipathR] Loaded 68297 interactions from cache.
[2023-04-21 14:21:23] [TRACE]   [OmnipathR] Loaded data from RDS `/github/home/.cache/OmnipathR/46d37339bbc3f9a05bb89ccb79278cf1233f5cdf-1.rds`.
[2023-04-21 14:21:23] [INFO]    [OmnipathR] Loaded from cache: `https://omnipathdb.org/interactions?genesymbols=yes&datasets=dorothea&organisms=9606&dorothea_levels=A,B,C,D&fields=sources,references,curation_effort,dorothea_level&license=academic`
[2023-04-21 14:21:29] [SUCCESS] [OmnipathR] Loaded 278830 interactions from cache.
[2023-04-21 14:21:39] [TRACE]   [OmnipathR] Reading JSON from `https://omnipathdb.org/resources` (encoding: UTF-8).
[2023-04-21 14:21:39] [TRACE]   [OmnipathR] JSON validation successful: TRUE
[2023-04-21 14:21:39] [TRACE]   [OmnipathR] Reading JSON from `https://omnipathdb.org/resources` (encoding: UTF-8).
[2023-04-21 14:21:39] [TRACE]   [OmnipathR] JSON validation successful: TRUE
[2023-04-21 14:21:41] [TRACE]   [OmnipathR] Loaded data from RDS `/github/home/.cache/OmnipathR/3492392585ba05414edfae46801492076437d7e7-1.rds`.
[2023-04-21 14:21:41] [INFO]    [OmnipathR] Loaded from cache: `https://omnipathdb.org/annotations?resources=PROGENy&license=academic`
[2023-04-21 14:21:41] [SUCCESS] [OmnipathR] Loaded 700239 annotation records from cache.
[2023-04-21 14:21:42] [TRACE]   [OmnipathR] Reading JSON from `https://omnipathdb.org/resources` (encoding: UTF-8).
[2023-04-21 14:21:42] [TRACE]   [OmnipathR] JSON validation successful: TRUE
[2023-04-21 14:21:43] [TRACE]   [OmnipathR] Reading JSON from `https://omnipathdb.org/resources` (encoding: UTF-8).
[2023-04-21 14:21:43] [TRACE]   [OmnipathR] JSON validation successful: TRUE
[2023-04-21 14:21:43] [TRACE]   [OmnipathR] Loaded data from RDS `/github/home/.cache/OmnipathR/5d7471d810dce83117cd972d7cef5e5400db8f76-1.rds`.
[2023-04-21 14:21:43] [INFO]    [OmnipathR] Loaded from cache: `https://omnipathdb.org/annotations?resources=SIGNOR&license=academic`
[2023-04-21 14:21:43] [SUCCESS] [OmnipathR] Loaded 2948 annotation records from cache.
[2023-04-21 14:22:03] [TRACE]   [OmnipathR] Reading JSON from `https://omnipathdb.org/resources` (encoding: UTF-8).
[2023-04-21 14:22:03] [TRACE]   [OmnipathR] JSON validation successful: TRUE
