[2024-10-19 12:59:28] [INFO]    [OmnipathR] Welcome to OmnipathR!
[2024-10-19 12:59:28] [TRACE]   [OmnipathR] Reading JSON from `/github/home/.cache/OmnipathR/cache.json` (encoding: UTF-8).
[2024-10-19 12:59:28] [TRACE]   [OmnipathR] JSON validation successful: TRUE
[2024-10-19 12:59:28] [INFO]    [OmnipathR] Initialized cache: `/github/home/.cache/OmnipathR`.
[2024-10-19 12:59:28] [TRACE]   [OmnipathR] Reading JSON from `/usr/local/lib/R/site-library/OmnipathR/db/db_def.json` (encoding: UTF-8).
[2024-10-19 12:59:28] [TRACE]   [OmnipathR] JSON validation successful: TRUE
[2024-10-19 12:59:28] [TRACE]   [OmnipathR] Reading JSON from `/usr/local/lib/R/site-library/OmnipathR/internal/magic_bytes.json` (encoding: UTF-8).
[2024-10-19 12:59:28] [TRACE]   [OmnipathR] JSON validation successful: TRUE
[2024-10-19 12:59:28] [TRACE]   [OmnipathR] Reading JSON from `/usr/local/lib/R/site-library/OmnipathR/internal/urls.json` (encoding: UTF-8).
[2024-10-19 12:59:28] [TRACE]   [OmnipathR] JSON validation successful: TRUE
[2024-10-19 12:59:28] [TRACE]   [OmnipathR] Reading JSON from `/usr/local/lib/R/site-library/OmnipathR/internal/id_types.json` (encoding: UTF-8).
[2024-10-19 12:59:28] [TRACE]   [OmnipathR] JSON validation successful: TRUE
[2024-10-19 12:59:28] [INFO]    [OmnipathR] Loading database `Ensembl and OMA organism names`.
[2024-10-19 12:59:28] [INFO]    [OmnipathR] Looking up in cache `https://www.ensembl.org/info/about/species.html`: key=7332486db7400730697234bad76ca0c8e4d00799, latest version=1.
[2024-10-19 12:59:28] [TRACE]   [OmnipathR] Cache file path: /github/home/.cache/OmnipathR/7332486db7400730697234bad76ca0c8e4d00799-1.html
[2024-10-19 12:59:28] [TRACE]   [OmnipathR] Looking up in cache: `https://omabrowser.org/All/oma-species.txt`.
[2024-10-19 12:59:28] [TRACE]   [OmnipathR] Loaded data from RDS `/github/home/.cache/OmnipathR/30e690cbb55dfc63b5903ab337f34ffc2f4be397-1.rds`.
[2024-10-19 12:59:28] [INFO]    [OmnipathR] Loaded database `Ensembl and OMA organism names`.
[2024-10-19 12:59:29] [TRACE]   [OmnipathR] Looking up in cache: `https://omnipathdb.org/interactions?genesymbols=yes&datasets=collectri&organisms=9606&dorothea_levels=A,B&fields=extra_attrs,evidences,sources,references,curation_effort&loops=yes&license=academic`
[2024-10-19 12:59:29] [TRACE]   [OmnipathR] Loaded data from RDS `/github/home/.cache/OmnipathR/5e82de18cbd9b5d9237867d70ab653aa2a24da2e-1.rds`.
[2024-10-19 12:59:29] [INFO]    [OmnipathR] Loaded from cache: `https://omnipathdb.org/interactions?genesymbols=yes&datasets=collectri&organisms=9606&dorothea_levels=A,B&fields=extra_attrs,evidences,sources,references,curation_effort&loops=yes&license=academic`
[2024-10-19 12:59:29] [TRACE]   [OmnipathR] Converting JSON column `extra_attrs` to list.
[2024-10-19 12:59:30] [TRACE]   [OmnipathR] Converting JSON column `evidences` to list.
[2024-10-19 12:59:34] [TRACE]   [OmnipathR] Restricting interaction records to datasets: collectri; and resources: any
[2024-10-19 12:59:37] [TRACE]   [OmnipathR] Filtering evidence columns: positive, negative, directed, undirected; to datasets: collectri; and resources: any; excluding resources: none
[2024-10-19 13:00:39] [SUCCESS] [OmnipathR] Downloaded 64958 interactions.
[2024-10-19 13:00:39] [TRACE]   [OmnipathR] Reading JSON from `https://omnipathdb.org/resources` (encoding: UTF-8).
[2024-10-19 13:00:39] [TRACE]   [OmnipathR] JSON validation successful: TRUE
[2024-10-19 13:00:39] [TRACE]   [OmnipathR] Looking up in cache: `https://omnipathdb.org/interactions?genesymbols=yes&resources=CollecTRI&datasets=tf_mirna&organisms=9606&fields=extra_attrs,evidences,sources,references,curation_effort&license=academic`
[2024-10-19 13:00:39] [TRACE]   [OmnipathR] Loaded data from RDS `/github/home/.cache/OmnipathR/911416570c2aaa914be32ebf7b85e1eb3d1ff162-1.rds`.
[2024-10-19 13:00:39] [INFO]    [OmnipathR] Loaded from cache: `https://omnipathdb.org/interactions?genesymbols=yes&resources=CollecTRI&datasets=tf_mirna&organisms=9606&fields=extra_attrs,evidences,sources,references,curation_effort&license=academic`
[2024-10-19 13:00:39] [TRACE]   [OmnipathR] Converting JSON column `extra_attrs` to list.
[2024-10-19 13:00:39] [TRACE]   [OmnipathR] Converting JSON column `evidences` to list.
[2024-10-19 13:00:39] [TRACE]   [OmnipathR] Restricting interaction records to datasets: tf_mirna; and resources: CollecTRI
[2024-10-19 13:00:40] [TRACE]   [OmnipathR] Filtering evidence columns: positive, negative, directed, undirected; to datasets: tf_mirna; and resources: CollecTRI; excluding resources: none
[2024-10-19 13:00:40] [SUCCESS] [OmnipathR] Downloaded 232 interactions.
[2024-10-19 13:00:41] [TRACE]   [OmnipathR] Looking up in cache: `https://omnipathdb.org/interactions?genesymbols=yes&datasets=dorothea&organisms=9606&dorothea_levels=A,B,C,D&fields=evidences,sources,references,curation_effort,dorothea_level&license=academic`
[2024-10-19 13:00:42] [TRACE]   [OmnipathR] Loaded data from RDS `/github/home/.cache/OmnipathR/2acacccd183a8fe4538b649c1e593e2140fcddf6-1.rds`.
[2024-10-19 13:00:42] [INFO]    [OmnipathR] Loaded from cache: `https://omnipathdb.org/interactions?genesymbols=yes&datasets=dorothea&organisms=9606&dorothea_levels=A,B,C,D&fields=evidences,sources,references,curation_effort,dorothea_level&license=academic`
[2024-10-19 13:00:42] [TRACE]   [OmnipathR] Converting JSON column `evidences` to list.
[2024-10-19 13:00:53] [TRACE]   [OmnipathR] Restricting interaction records to datasets: dorothea; and resources: any
[2024-10-19 13:01:06] [TRACE]   [OmnipathR] Filtering evidence columns: positive, negative, directed, undirected; to datasets: dorothea; and resources: any; excluding resources: none
[2024-10-19 13:05:19] [SUCCESS] [OmnipathR] Downloaded 278830 interactions.
[2024-10-19 13:05:26] [TRACE]   [OmnipathR] Reading JSON from `https://omnipathdb.org/resources` (encoding: UTF-8).
[2024-10-19 13:05:26] [TRACE]   [OmnipathR] JSON validation successful: TRUE
[2024-10-19 13:05:27] [TRACE]   [OmnipathR] Reading JSON from `https://omnipathdb.org/resources` (encoding: UTF-8).
[2024-10-19 13:05:27] [TRACE]   [OmnipathR] JSON validation successful: TRUE
[2024-10-19 13:05:27] [TRACE]   [OmnipathR] Looking up in cache: `https://omnipathdb.org/annotations?resources=PROGENy&license=academic`
[2024-10-19 13:05:28] [TRACE]   [OmnipathR] Loaded data from RDS `/github/home/.cache/OmnipathR/3492392585ba05414edfae46801492076437d7e7-1.rds`.
[2024-10-19 13:05:28] [INFO]    [OmnipathR] Loaded from cache: `https://omnipathdb.org/annotations?resources=PROGENy&license=academic`
[2024-10-19 13:05:28] [SUCCESS] [OmnipathR] Loaded 700239 annotation records from cache.
[2024-10-19 13:05:30] [TRACE]   [OmnipathR] Reading JSON from `https://omnipathdb.org/resources` (encoding: UTF-8).
[2024-10-19 13:05:30] [TRACE]   [OmnipathR] JSON validation successful: TRUE
[2024-10-19 13:05:31] [TRACE]   [OmnipathR] Reading JSON from `https://omnipathdb.org/resources` (encoding: UTF-8).
[2024-10-19 13:05:31] [TRACE]   [OmnipathR] JSON validation successful: TRUE
[2024-10-19 13:05:31] [TRACE]   [OmnipathR] Looking up in cache: `https://omnipathdb.org/annotations?resources=SIGNOR&license=academic`
[2024-10-19 13:05:31] [TRACE]   [OmnipathR] Loaded data from RDS `/github/home/.cache/OmnipathR/5d7471d810dce83117cd972d7cef5e5400db8f76-1.rds`.
[2024-10-19 13:05:31] [INFO]    [OmnipathR] Loaded from cache: `https://omnipathdb.org/annotations?resources=SIGNOR&license=academic`
[2024-10-19 13:05:31] [SUCCESS] [OmnipathR] Loaded 2948 annotation records from cache.
[2024-10-19 13:06:02] [TRACE]   [OmnipathR] Reading JSON from `https://omnipathdb.org/resources` (encoding: UTF-8).
[2024-10-19 13:06:02] [TRACE]   [OmnipathR] JSON validation successful: TRUE
